<?xml version="1.0" encoding="UTF-8"?>
<!-- Generated by org.testng.reporters.JUnitXMLReporter -->
<testsuite ignored="4" hostname="AILT-100247" failures="1" tests="1" name="designationmaster" time="14.399" errors="0" timestamp="2024-06-25T15:27:07 IST">
  <testcase classname="com.spectrumMastersTestRunner.DesignationMaster" name="designationmaster" time="1.736">
    <failure type="org.openqa.selenium.StaleElementReferenceException" message="stale element reference: stale element not found in the current frame
  (Session info: MicrosoftEdge=126.0.2592.68)
For documentation on this error, please visit: https://www.selenium.dev/documentation/webdriver/troubleshooting/errors#stale-element-reference-exception
Build info: version: &amp;apos;4.17.0&amp;apos;, revision: &amp;apos;e52b1be057*&amp;apos;
System info: os.name: &amp;apos;Windows 10&amp;apos;, os.arch: &amp;apos;amd64&amp;apos;, os.version: &amp;apos;10.0&amp;apos;, java.version: &amp;apos;14.0.2&amp;apos;
Driver info: org.openqa.selenium.edge.EdgeDriver
Command: [5894e46af7fe92b6f66d4745a32371c2, clickElement {id=f.EEA4CCC14C129CC5FAF7FA3B7C3CF93C.d.5E30D821BCF8F595DB246AD892DF848E.e.5}]
Capabilities {acceptInsecureCerts: false, browserName: MicrosoftEdge, browserVersion: 126.0.2592.68, fedcm:accounts: true, ms:edgeOptions: {debuggerAddress: localhost:49190}, msedge: {msedgedriverVersion: 126.0.2592.68 (30e1b6cc72a8..., userDataDir: C:\Users\VAISHN~1.T\AppData...}, networkConnectionEnabled: false, pageLoadStrategy: normal, platformName: windows, proxy: Proxy(), se:cdp: ws://localhost:49190/devtoo..., se:cdpVersion: 126.0.2592.68, setWindowRect: true, strictFileInteractability: false, timeouts: {implicit: 0, pageLoad: 300000, script: 30000}, unhandledPromptBehavior: dismiss and notify, webauthn:extension:credBlob: true, webauthn:extension:largeBlob: true, webauthn:extension:minPinLength: true, webauthn:extension:prf: true, webauthn:virtualAuthenticators: true}
Element: [[EdgeDriver: MicrosoftEdge on windows (5894e46af7fe92b6f66d4745a32371c2)] -&amp;gt; xpath: //button[text()=&amp;apos;Login&amp;apos;]]
Session ID: 5894e46af7fe92b6f66d4745a32371c2">
      <![CDATA[org.openqa.selenium.StaleElementReferenceException: stale element reference: stale element not found in the current frame
  (Session info: MicrosoftEdge=126.0.2592.68)
For documentation on this error, please visit: https://www.selenium.dev/documentation/webdriver/troubleshooting/errors#stale-element-reference-exception
Build info: version: '4.17.0', revision: 'e52b1be057*'
System info: os.name: 'Windows 10', os.arch: 'amd64', os.version: '10.0', java.version: '14.0.2'
Driver info: org.openqa.selenium.edge.EdgeDriver
Command: [5894e46af7fe92b6f66d4745a32371c2, clickElement {id=f.EEA4CCC14C129CC5FAF7FA3B7C3CF93C.d.5E30D821BCF8F595DB246AD892DF848E.e.5}]
Capabilities {acceptInsecureCerts: false, browserName: MicrosoftEdge, browserVersion: 126.0.2592.68, fedcm:accounts: true, ms:edgeOptions: {debuggerAddress: localhost:49190}, msedge: {msedgedriverVersion: 126.0.2592.68 (30e1b6cc72a8..., userDataDir: C:\Users\VAISHN~1.T\AppData...}, networkConnectionEnabled: false, pageLoadStrategy: normal, platformName: windows, proxy: Proxy(), se:cdp: ws://localhost:49190/devtoo..., se:cdpVersion: 126.0.2592.68, setWindowRect: true, strictFileInteractability: false, timeouts: {implicit: 0, pageLoad: 300000, script: 30000}, unhandledPromptBehavior: dismiss and notify, webauthn:extension:credBlob: true, webauthn:extension:largeBlob: true, webauthn:extension:minPinLength: true, webauthn:extension:prf: true, webauthn:virtualAuthenticators: true}
Element: [[EdgeDriver: MicrosoftEdge on windows (5894e46af7fe92b6f66d4745a32371c2)] -> xpath: //button[text()='Login']]
Session ID: 5894e46af7fe92b6f66d4745a32371c2
at org.openqa.selenium.remote.codec.w3c.W3CHttpResponseCodec.createException(W3CHttpResponseCodec.java:185)
at org.openqa.selenium.remote.codec.w3c.W3CHttpResponseCodec.decode(W3CHttpResponseCodec.java:134)
at org.openqa.selenium.remote.codec.w3c.W3CHttpResponseCodec.decode(W3CHttpResponseCodec.java:51)
at org.openqa.selenium.remote.HttpCommandExecutor.execute(HttpCommandExecutor.java:190)
at org.openqa.selenium.remote.service.DriverCommandExecutor.invokeExecute(DriverCommandExecutor.java:216)
at org.openqa.selenium.remote.service.DriverCommandExecutor.execute(DriverCommandExecutor.java:174)
at org.openqa.selenium.remote.RemoteWebDriver.execute(RemoteWebDriver.java:519)
at org.openqa.selenium.remote.RemoteWebElement.execute(RemoteWebElement.java:223)
at org.openqa.selenium.remote.RemoteWebElement.click(RemoteWebElement.java:76)
at org.openqa.selenium.support.pagefactory.internal.LocatingElementHandler.invoke(LocatingElementHandler.java:51)
at com.sun.proxy.$Proxy19.click(Unknown Source)
at com.Basepack.RegistrationCommonMethods.clickElement(RegistrationCommonMethods.java:171)
at com.spectrumadminPageObjects.usercreationpageobjects.userlogin(usercreationpageobjects.java:99)
at com.spectrumMastersTestRunner.DesignationMaster.designationmaster(DesignationMaster.java:25)
at java.base/java.util.ArrayList.forEach(ArrayList.java:1511)
... Removed 36 stack frames]]>
    </failure>
  </testcase> <!-- designationmaster -->
  <testcase classname="com.spectrumMastersTestRunner.DesignationMaster" name="salutationupdate" time="0.0">
    <ignored/>
  </testcase> <!-- salutationupdate -->
  <testcase classname="com.spectrumMastersTestRunner.DesignationMaster" name="salutationenable" time="0.0">
    <ignored/>
  </testcase> <!-- salutationenable -->
  <testcase classname="com.spectrumMastersTestRunner.DesignationMaster" name="designationcreate" time="0.0">
    <ignored/>
  </testcase> <!-- designationcreate -->
  <testcase classname="com.spectrumMastersTestRunner.DesignationMaster" name="salutationdisable" time="0.0">
    <ignored/>
  </testcase> <!-- salutationdisable -->
</testsuite> <!-- designationmaster -->
