<?xml version="1.0" encoding="UTF-8"?>
<!-- Generated by org.testng.reporters.JUnitXMLReporter -->
<testsuite ignored="3" hostname="AILT-100247" failures="1" tests="1" name="userdisable" time="41.949" errors="0" timestamp="2024-06-20T11:14:33 IST">
  <testcase classname="com.spectrumTestRunner.UserCreation" name="userdisable" time="35.406">
    <failure type="org.openqa.selenium.ElementClickInterceptedException" message="element click intercepted: Element &amp;lt;span _ngcontent-pne-c113=&amp;quot;&amp;quot; class=&amp;quot;avatarIcon&amp;quot;&amp;gt;&amp;lt;/span&amp;gt; is not clickable at point (1290, 29). Other element would receive the click: &amp;lt;a _ngcontent-pne-c113=&amp;quot;&amp;quot; href=&amp;quot;javascript:void(0)&amp;quot; id=&amp;quot;navbarDropdown&amp;quot; role=&amp;quot;button&amp;quot; data-toggle=&amp;quot;dropdown&amp;quot; aria-haspopup=&amp;quot;true&amp;quot; aria-expanded=&amp;quot;false&amp;quot; class=&amp;quot;nav-link dropdown-toggle rightDDMenu&amp;quot;&amp;gt;...&amp;lt;/a&amp;gt;
  (Session info: chrome=126.0.6478.114)
Build info: version: &amp;apos;4.17.0&amp;apos;, revision: &amp;apos;e52b1be057*&amp;apos;
System info: os.name: &amp;apos;Windows 10&amp;apos;, os.arch: &amp;apos;amd64&amp;apos;, os.version: &amp;apos;10.0&amp;apos;, java.version: &amp;apos;14.0.2&amp;apos;
Driver info: org.openqa.selenium.chrome.ChromeDriver
Command: [d7377fcdc10534ee5779456b900213c5, clickElement {id=f.02749778A4F53486D1C0C7E74766759A.d.7FDDA5AB83B3CE69B6BF940D9F16E3B1.e.173}]
Capabilities {acceptInsecureCerts: false, browserName: chrome, browserVersion: 126.0.6478.114, chrome: {chromedriverVersion: 126.0.6478.62 (b2781ca4c383..., userDataDir: C:\Users\VAISHN~1.T\AppData...}, fedcm:accounts: true, goog:chromeOptions: {debuggerAddress: localhost:50072}, networkConnectionEnabled: false, pageLoadStrategy: normal, platformName: windows, proxy: Proxy(), se:cdp: ws://localhost:50072/devtoo..., se:cdpVersion: 126.0.6478.114, setWindowRect: true, strictFileInteractability: false, timeouts: {implicit: 0, pageLoad: 300000, script: 30000}, unhandledPromptBehavior: dismiss and notify, webauthn:extension:credBlob: true, webauthn:extension:largeBlob: true, webauthn:extension:minPinLength: true, webauthn:extension:prf: true, webauthn:virtualAuthenticators: true}
Element: [[ChromeDriver: chrome on windows (d7377fcdc10534ee5779456b900213c5)] -&amp;gt; xpath: //span[@class=&amp;apos;avatarIcon&amp;apos;]]
Session ID: d7377fcdc10534ee5779456b900213c5">
      <![CDATA[org.openqa.selenium.ElementClickInterceptedException: element click intercepted: Element <span _ngcontent-pne-c113="" class="avatarIcon"></span> is not clickable at point (1290, 29). Other element would receive the click: <a _ngcontent-pne-c113="" href="javascript:void(0)" id="navbarDropdown" role="button" data-toggle="dropdown" aria-haspopup="true" aria-expanded="false" class="nav-link dropdown-toggle rightDDMenu">...</a>
  (Session info: chrome=126.0.6478.114)
Build info: version: '4.17.0', revision: 'e52b1be057*'
System info: os.name: 'Windows 10', os.arch: 'amd64', os.version: '10.0', java.version: '14.0.2'
Driver info: org.openqa.selenium.chrome.ChromeDriver
Command: [d7377fcdc10534ee5779456b900213c5, clickElement {id=f.02749778A4F53486D1C0C7E74766759A.d.7FDDA5AB83B3CE69B6BF940D9F16E3B1.e.173}]
Capabilities {acceptInsecureCerts: false, browserName: chrome, browserVersion: 126.0.6478.114, chrome: {chromedriverVersion: 126.0.6478.62 (b2781ca4c383..., userDataDir: C:\Users\VAISHN~1.T\AppData...}, fedcm:accounts: true, goog:chromeOptions: {debuggerAddress: localhost:50072}, networkConnectionEnabled: false, pageLoadStrategy: normal, platformName: windows, proxy: Proxy(), se:cdp: ws://localhost:50072/devtoo..., se:cdpVersion: 126.0.6478.114, setWindowRect: true, strictFileInteractability: false, timeouts: {implicit: 0, pageLoad: 300000, script: 30000}, unhandledPromptBehavior: dismiss and notify, webauthn:extension:credBlob: true, webauthn:extension:largeBlob: true, webauthn:extension:minPinLength: true, webauthn:extension:prf: true, webauthn:virtualAuthenticators: true}
Element: [[ChromeDriver: chrome on windows (d7377fcdc10534ee5779456b900213c5)] -> xpath: //span[@class='avatarIcon']]
Session ID: d7377fcdc10534ee5779456b900213c5
at org.openqa.selenium.remote.codec.w3c.W3CHttpResponseCodec.createException(W3CHttpResponseCodec.java:185)
at org.openqa.selenium.remote.codec.w3c.W3CHttpResponseCodec.decode(W3CHttpResponseCodec.java:134)
at org.openqa.selenium.remote.codec.w3c.W3CHttpResponseCodec.decode(W3CHttpResponseCodec.java:51)
at org.openqa.selenium.remote.HttpCommandExecutor.execute(HttpCommandExecutor.java:190)
at org.openqa.selenium.remote.service.DriverCommandExecutor.invokeExecute(DriverCommandExecutor.java:216)
at org.openqa.selenium.remote.service.DriverCommandExecutor.execute(DriverCommandExecutor.java:174)
at org.openqa.selenium.remote.RemoteWebDriver.execute(RemoteWebDriver.java:519)
at org.openqa.selenium.remote.RemoteWebElement.execute(RemoteWebElement.java:223)
at org.openqa.selenium.remote.RemoteWebElement.click(RemoteWebElement.java:76)
at org.openqa.selenium.support.pagefactory.internal.LocatingElementHandler.invoke(LocatingElementHandler.java:51)
at com.sun.proxy.$Proxy18.click(Unknown Source)
at com.Basepack.RegistrationCommonMethods.clickElement(RegistrationCommonMethods.java:171)
at com.spectrummastersPageObjects.usercreationpageobjects.logout(usercreationpageobjects.java:195)
at com.spectrumTestRunner.UserCreation.userdisable(UserCreation.java:60)
at java.base/java.util.ArrayList.forEach(ArrayList.java:1511)
... Removed 36 stack frames]]>
    </failure>
  </testcase> <!-- userdisable -->
  <testcase classname="com.spectrumTestRunner.UserCreation" name="usercreate" time="0.0">
    <ignored/>
  </testcase> <!-- usercreate -->
  <testcase classname="com.spectrumTestRunner.UserCreation" name="userenable" time="0.0">
    <ignored/>
  </testcase> <!-- userenable -->
  <testcase classname="com.spectrumTestRunner.UserCreation" name="userupdate" time="0.0">
    <ignored/>
  </testcase> <!-- userupdate -->
</testsuite> <!-- userdisable -->
